<?xml version="1.0" encoding="UTF-8"?>
<testsuite name="catalog.tests.test_views.LoanedBookInstancesByUserListViewTest-20200901215420" tests="5" file="catalog/tests/test_views.py" time="1.626" timestamp="2020-09-01T21:54:24" failures="0" errors="0" skipped="0">
	<testcase classname="catalog.tests.test_views.LoanedBookInstancesByUserListViewTest" name="test_logged_in_uses_correct_template" time="0.343" timestamp="2020-09-01T21:54:22" file="catalog/tests/test_views.py" line="88"/>
	<testcase classname="catalog.tests.test_views.LoanedBookInstancesByUserListViewTest" name="test_only_borrowed_books_in_list" time="0.349" timestamp="2020-09-01T21:54:23" file="catalog/tests/test_views.py" line="100"/>
	<testcase classname="catalog.tests.test_views.LoanedBookInstancesByUserListViewTest" name="test_pages_ordered_by_due_date" time="0.355" timestamp="2020-09-01T21:54:23" file="catalog/tests/test_views.py" line="153"/>
	<testcase classname="catalog.tests.test_views.LoanedBookInstancesByUserListViewTest" name="test_pages_paginated_to_ten" time="0.351" timestamp="2020-09-01T21:54:24" file="catalog/tests/test_views.py" line="134"/>
	<testcase classname="catalog.tests.test_views.LoanedBookInstancesByUserListViewTest" name="test_redirect_if_not_logged_in" time="0.228" timestamp="2020-09-01T21:54:24" file="catalog/tests/test_views.py" line="84"/>
</testsuite>
